This file contains any messages produced by compilers while
running configure, to aid debugging if configure makes a mistake.

It was created by LinuxCNC configure hal-embedded, which was
generated by GNU Autoconf 2.69.  Invocation command line was

  $ ./configure 

## --------- ##
## Platform. ##
## --------- ##

hostname = debian10
uname -m = x86_64
uname -r = 5.10.0-8-rt-amd64
uname -s = Linux
uname -v = #1 SMP PREEMPT_RT Debian 5.10.46-4 (2021-08-03)

/usr/bin/uname -p = unknown
/bin/uname -X     = unknown

/bin/arch              = x86_64
/usr/bin/arch -k       = unknown
/usr/convex/getsysinfo = unknown
/usr/bin/hostinfo      = unknown
/bin/machine           = unknown
/usr/bin/oslevel       = unknown
/bin/universe          = unknown

PATH: /usr/local/bin
PATH: /usr/bin
PATH: /bin
PATH: /usr/local/games
PATH: /usr/games


## ----------- ##
## Core tests. ##
## ----------- ##

configure:2642: checking for g++
configure:2658: found /usr/bin/g++
configure:2669: result: g++
configure:2696: checking for C++ compiler version
configure:2705: g++ --version >&5
g++ (Debian 10.2.1-6) 10.2.1 20210110
Copyright (C) 2020 Free Software Foundation, Inc.
This is free software; see the source for copying conditions.  There is NO
warranty; not even for MERCHANTABILITY or FITNESS FOR A PARTICULAR PURPOSE.

configure:2716: $? = 0
configure:2705: g++ -v >&5
Using built-in specs.
COLLECT_GCC=g++
COLLECT_LTO_WRAPPER=/usr/lib/gcc/x86_64-linux-gnu/10/lto-wrapper
OFFLOAD_TARGET_NAMES=nvptx-none:amdgcn-amdhsa:hsa
OFFLOAD_TARGET_DEFAULT=1
Target: x86_64-linux-gnu
Configured with: ../src/configure -v --with-pkgversion='Debian 10.2.1-6' --with-bugurl=file:///usr/share/doc/gcc-10/README.Bugs --enable-languages=c,ada,c++,go,brig,d,fortran,objc,obj-c++,m2 --prefix=/usr --with-gcc-major-version-only --program-suffix=-10 --program-prefix=x86_64-linux-gnu- --enable-shared --enable-linker-build-id --libexecdir=/usr/lib --without-included-gettext --enable-threads=posix --libdir=/usr/lib --enable-nls --enable-bootstrap --enable-clocale=gnu --enable-libstdcxx-debug --enable-libstdcxx-time=yes --with-default-libstdcxx-abi=new --enable-gnu-unique-object --disable-vtable-verify --enable-plugin --enable-default-pie --with-system-zlib --enable-libphobos-checking=release --with-target-system-zlib=auto --enable-objc-gc=auto --enable-multiarch --disable-werror --with-arch-32=i686 --with-abi=m64 --with-multilib-list=m32,m64,mx32 --enable-multilib --with-tune=generic --enable-offload-targets=nvptx-none=/build/gcc-10-Km9U7s/gcc-10-10.2.1/debian/tmp-nvptx/usr,amdgcn-amdhsa=/build/gcc-10-Km9U7s/gcc-10-10.2.1/debian/tmp-gcn/usr,hsa --without-cuda-driver --enable-checking=release --build=x86_64-linux-gnu --host=x86_64-linux-gnu --target=x86_64-linux-gnu --with-build-config=bootstrap-lto-lean --enable-link-mutex
Thread model: posix
Supported LTO compression algorithms: zlib zstd
gcc version 10.2.1 20210110 (Debian 10.2.1-6) 
... rest of stderr output deleted ...
configure:2716: $? = 0
configure:2705: g++ -V >&5
g++: error: unrecognized command-line option '-V'
g++: fatal error: no input files
compilation terminated.
configure:2716: $? = 1
configure:2705: g++ -qversion >&5
g++: error: unrecognized command-line option '-qversion'; did you mean '--version'?
g++: fatal error: no input files
compilation terminated.
configure:2716: $? = 1
configure:2736: checking whether the C++ compiler works
configure:2758: g++    conftest.cpp  >&5
configure:2762: $? = 0
configure:2810: result: yes
configure:2813: checking for C++ compiler default output file name
configure:2815: result: a.out
configure:2821: checking for suffix of executables
configure:2828: g++ -o conftest    conftest.cpp  >&5
configure:2832: $? = 0
configure:2854: result: 
configure:2876: checking whether we are cross compiling
configure:2884: g++ -o conftest    conftest.cpp  >&5
configure:2888: $? = 0
configure:2895: ./conftest
configure:2899: $? = 0
configure:2914: result: no
configure:2919: checking for suffix of object files
configure:2941: g++ -c   conftest.cpp >&5
configure:2945: $? = 0
configure:2966: result: o
configure:2970: checking whether we are using the GNU C++ compiler
configure:2989: g++ -c   conftest.cpp >&5
configure:2989: $? = 0
configure:2998: result: yes
configure:3007: checking whether g++ accepts -g
configure:3027: g++ -c -g  conftest.cpp >&5
configure:3027: $? = 0
configure:3068: result: yes
configure:3104: checking how to run the C++ preprocessor
configure:3131: g++ -E  conftest.cpp
configure:3131: $? = 0
configure:3145: g++ -E  conftest.cpp
conftest.cpp:9:10: fatal error: ac_nonexistent.h: No such file or directory
    9 | #include <ac_nonexistent.h>
      |          ^~~~~~~~~~~~~~~~~~
compilation terminated.
configure:3145: $? = 1
configure: failed program was:
| /* confdefs.h */
| #define PACKAGE_NAME "LinuxCNC"
| #define PACKAGE_TARNAME "linuxcnc"
| #define PACKAGE_VERSION "hal-embedded"
| #define PACKAGE_STRING "LinuxCNC hal-embedded"
| #define PACKAGE_BUGREPORT "emc-developers@lists.sourceforge.net"
| #define PACKAGE_URL ""
| /* end confdefs.h.  */
| #include <ac_nonexistent.h>
configure:3170: result: g++ -E
configure:3190: g++ -E  conftest.cpp
configure:3190: $? = 0
configure:3204: g++ -E  conftest.cpp
conftest.cpp:9:10: fatal error: ac_nonexistent.h: No such file or directory
    9 | #include <ac_nonexistent.h>
      |          ^~~~~~~~~~~~~~~~~~
compilation terminated.
configure:3204: $? = 1
configure: failed program was:
| /* confdefs.h */
| #define PACKAGE_NAME "LinuxCNC"
| #define PACKAGE_TARNAME "linuxcnc"
| #define PACKAGE_VERSION "hal-embedded"
| #define PACKAGE_STRING "LinuxCNC hal-embedded"
| #define PACKAGE_BUGREPORT "emc-developers@lists.sourceforge.net"
| #define PACKAGE_URL ""
| /* end confdefs.h.  */
| #include <ac_nonexistent.h>
configure:3233: checking for grep that handles long lines and -e
configure:3291: result: /usr/bin/grep
configure:3296: checking for egrep
configure:3358: result: /usr/bin/grep -E
configure:3363: checking for ANSI C header files
configure:3383: g++ -c -g -O2  conftest.cpp >&5
configure:3383: $? = 0
configure:3456: g++ -o conftest -g -O2   conftest.cpp  >&5
configure:3456: $? = 0
configure:3456: ./conftest
configure:3456: $? = 0
configure:3467: result: yes
configure:3480: checking for sys/types.h
configure:3480: g++ -c -g -O2  conftest.cpp >&5
configure:3480: $? = 0
configure:3480: result: yes
configure:3480: checking for sys/stat.h
configure:3480: g++ -c -g -O2  conftest.cpp >&5
configure:3480: $? = 0
configure:3480: result: yes
configure:3480: checking for stdlib.h
configure:3480: g++ -c -g -O2  conftest.cpp >&5
configure:3480: $? = 0
configure:3480: result: yes
configure:3480: checking for string.h
configure:3480: g++ -c -g -O2  conftest.cpp >&5
configure:3480: $? = 0
configure:3480: result: yes
configure:3480: checking for memory.h
configure:3480: g++ -c -g -O2  conftest.cpp >&5
configure:3480: $? = 0
configure:3480: result: yes
configure:3480: checking for strings.h
configure:3480: g++ -c -g -O2  conftest.cpp >&5
configure:3480: $? = 0
configure:3480: result: yes
configure:3480: checking for inttypes.h
configure:3480: g++ -c -g -O2  conftest.cpp >&5
configure:3480: $? = 0
configure:3480: result: yes
configure:3480: checking for stdint.h
configure:3480: g++ -c -g -O2  conftest.cpp >&5
configure:3480: $? = 0
configure:3480: result: yes
configure:3480: checking for unistd.h
configure:3480: g++ -c -g -O2  conftest.cpp >&5
configure:3480: $? = 0
configure:3480: result: yes
configure:3492: checking boost/lockfree/queue.hpp usability
configure:3492: g++ -c -g -O2  conftest.cpp >&5
configure:3492: $? = 0
configure:3492: result: yes
configure:3492: checking boost/lockfree/queue.hpp presence
configure:3492: g++ -E  conftest.cpp
configure:3492: $? = 0
configure:3492: result: yes
configure:3492: checking for boost/lockfree/queue.hpp
configure:3492: result: yes
configure:3557: checking whether g++ supports C++11 features by default
configure:3583: g++ -c -g -O2  conftest.cpp >&5
configure:3583: $? = 0
configure:3590: result: yes
configure:3681: checking build toplevel
configure:3684: result: /opt/hal-core
configure:3693: checking installation prefix
configure:3697: result: run in place
configure:3720: checking for grep
configure:3750: result: /usr/bin/grep
configure:3760: checking for egrep
configure:3790: result: /usr/bin/grep -E
configure:3804: checking for pkg-config
configure:3822: found /usr/bin/pkg-config
configure:3834: result: /usr/bin/pkg-config
configure:3897: checking for gcc
configure:3913: found /usr/bin/gcc
configure:3924: result: gcc
configure:4153: checking for C compiler version
configure:4162: gcc --version >&5
gcc (Debian 10.2.1-6) 10.2.1 20210110
Copyright (C) 2020 Free Software Foundation, Inc.
This is free software; see the source for copying conditions.  There is NO
warranty; not even for MERCHANTABILITY or FITNESS FOR A PARTICULAR PURPOSE.

configure:4173: $? = 0
configure:4162: gcc -v >&5
Using built-in specs.
COLLECT_GCC=gcc
COLLECT_LTO_WRAPPER=/usr/lib/gcc/x86_64-linux-gnu/10/lto-wrapper
OFFLOAD_TARGET_NAMES=nvptx-none:amdgcn-amdhsa:hsa
OFFLOAD_TARGET_DEFAULT=1
Target: x86_64-linux-gnu
Configured with: ../src/configure -v --with-pkgversion='Debian 10.2.1-6' --with-bugurl=file:///usr/share/doc/gcc-10/README.Bugs --enable-languages=c,ada,c++,go,brig,d,fortran,objc,obj-c++,m2 --prefix=/usr --with-gcc-major-version-only --program-suffix=-10 --program-prefix=x86_64-linux-gnu- --enable-shared --enable-linker-build-id --libexecdir=/usr/lib --without-included-gettext --enable-threads=posix --libdir=/usr/lib --enable-nls --enable-bootstrap --enable-clocale=gnu --enable-libstdcxx-debug --enable-libstdcxx-time=yes --with-default-libstdcxx-abi=new --enable-gnu-unique-object --disable-vtable-verify --enable-plugin --enable-default-pie --with-system-zlib --enable-libphobos-checking=release --with-target-system-zlib=auto --enable-objc-gc=auto --enable-multiarch --disable-werror --with-arch-32=i686 --with-abi=m64 --with-multilib-list=m32,m64,mx32 --enable-multilib --with-tune=generic --enable-offload-targets=nvptx-none=/build/gcc-10-Km9U7s/gcc-10-10.2.1/debian/tmp-nvptx/usr,amdgcn-amdhsa=/build/gcc-10-Km9U7s/gcc-10-10.2.1/debian/tmp-gcn/usr,hsa --without-cuda-driver --enable-checking=release --build=x86_64-linux-gnu --host=x86_64-linux-gnu --target=x86_64-linux-gnu --with-build-config=bootstrap-lto-lean --enable-link-mutex
Thread model: posix
Supported LTO compression algorithms: zlib zstd
gcc version 10.2.1 20210110 (Debian 10.2.1-6) 
... rest of stderr output deleted ...
configure:4173: $? = 0
configure:4162: gcc -V >&5
gcc: error: unrecognized command-line option '-V'
gcc: fatal error: no input files
compilation terminated.
configure:4173: $? = 1
configure:4162: gcc -qversion >&5
gcc: error: unrecognized command-line option '-qversion'; did you mean '--version'?
gcc: fatal error: no input files
compilation terminated.
configure:4173: $? = 1
configure:4177: checking whether we are using the GNU C compiler
configure:4196: gcc -c   conftest.c >&5
configure:4196: $? = 0
configure:4205: result: yes
configure:4214: checking whether gcc accepts -g
configure:4234: gcc -c -g  conftest.c >&5
configure:4234: $? = 0
configure:4275: result: yes
configure:4292: checking for gcc option to accept ISO C89
configure:4355: gcc  -c -g -O2  conftest.c >&5
configure:4355: $? = 0
configure:4368: result: none needed
configure:4394: checking how to run the C preprocessor
configure:4425: gcc -E  conftest.c
configure:4425: $? = 0
configure:4439: gcc -E  conftest.c
conftest.c:20:10: fatal error: ac_nonexistent.h: No such file or directory
   20 | #include <ac_nonexistent.h>
      |          ^~~~~~~~~~~~~~~~~~
compilation terminated.
configure:4439: $? = 1
configure: failed program was:
| /* confdefs.h */
| #define PACKAGE_NAME "LinuxCNC"
| #define PACKAGE_TARNAME "linuxcnc"
| #define PACKAGE_VERSION "hal-embedded"
| #define PACKAGE_STRING "LinuxCNC hal-embedded"
| #define PACKAGE_BUGREPORT "emc-developers@lists.sourceforge.net"
| #define PACKAGE_URL ""
| #define STDC_HEADERS 1
| #define HAVE_SYS_TYPES_H 1
| #define HAVE_SYS_STAT_H 1
| #define HAVE_STDLIB_H 1
| #define HAVE_STRING_H 1
| #define HAVE_MEMORY_H 1
| #define HAVE_STRINGS_H 1
| #define HAVE_INTTYPES_H 1
| #define HAVE_STDINT_H 1
| #define HAVE_UNISTD_H 1
| #define HAVE_CXX11 1
| /* end confdefs.h.  */
| #include <ac_nonexistent.h>
configure:4464: result: gcc -E
configure:4484: gcc -E  conftest.c
configure:4484: $? = 0
configure:4498: gcc -E  conftest.c
conftest.c:20:10: fatal error: ac_nonexistent.h: No such file or directory
   20 | #include <ac_nonexistent.h>
      |          ^~~~~~~~~~~~~~~~~~
compilation terminated.
configure:4498: $? = 1
configure: failed program was:
| /* confdefs.h */
| #define PACKAGE_NAME "LinuxCNC"
| #define PACKAGE_TARNAME "linuxcnc"
| #define PACKAGE_VERSION "hal-embedded"
| #define PACKAGE_STRING "LinuxCNC hal-embedded"
| #define PACKAGE_BUGREPORT "emc-developers@lists.sourceforge.net"
| #define PACKAGE_URL ""
| #define STDC_HEADERS 1
| #define HAVE_SYS_TYPES_H 1
| #define HAVE_SYS_STAT_H 1
| #define HAVE_STDLIB_H 1
| #define HAVE_STRING_H 1
| #define HAVE_MEMORY_H 1
| #define HAVE_STRINGS_H 1
| #define HAVE_INTTYPES_H 1
| #define HAVE_STDINT_H 1
| #define HAVE_UNISTD_H 1
| #define HAVE_CXX11 1
| /* end confdefs.h.  */
| #include <ac_nonexistent.h>
configure:4527: checking rpc/rpc.h usability
configure:4527: gcc -c -g -O2  conftest.c >&5
configure:4527: $? = 0
configure:4527: result: yes
configure:4527: checking rpc/rpc.h presence
configure:4527: gcc -E  conftest.c
configure:4527: $? = 0
configure:4527: result: yes
configure:4527: checking for rpc/rpc.h
configure:4527: result: yes
configure:4699: checking for rtai-config
configure:4718: result: none
configure:4724: checking for xeno-config
configure:4755: result: none
configure:4765: checking for realtime API(s) to use
configure:4805: result: uspace
configure:4808: checking whether to enable userspace PCI access
configure:4829: result: yes
configure:4834: checking for libudev
configure:4838: result: yes - version 247
configure:4954: checking for cc version
configure:4962: result: not specified
configure:5078: checking for C compiler version
configure:5087: gcc --version >&5
gcc (Debian 10.2.1-6) 10.2.1 20210110
Copyright (C) 2020 Free Software Foundation, Inc.
This is free software; see the source for copying conditions.  There is NO
warranty; not even for MERCHANTABILITY or FITNESS FOR A PARTICULAR PURPOSE.

configure:5098: $? = 0
configure:5087: gcc -v >&5
Using built-in specs.
COLLECT_GCC=gcc
COLLECT_LTO_WRAPPER=/usr/lib/gcc/x86_64-linux-gnu/10/lto-wrapper
OFFLOAD_TARGET_NAMES=nvptx-none:amdgcn-amdhsa:hsa
OFFLOAD_TARGET_DEFAULT=1
Target: x86_64-linux-gnu
Configured with: ../src/configure -v --with-pkgversion='Debian 10.2.1-6' --with-bugurl=file:///usr/share/doc/gcc-10/README.Bugs --enable-languages=c,ada,c++,go,brig,d,fortran,objc,obj-c++,m2 --prefix=/usr --with-gcc-major-version-only --program-suffix=-10 --program-prefix=x86_64-linux-gnu- --enable-shared --enable-linker-build-id --libexecdir=/usr/lib --without-included-gettext --enable-threads=posix --libdir=/usr/lib --enable-nls --enable-bootstrap --enable-clocale=gnu --enable-libstdcxx-debug --enable-libstdcxx-time=yes --with-default-libstdcxx-abi=new --enable-gnu-unique-object --disable-vtable-verify --enable-plugin --enable-default-pie --with-system-zlib --enable-libphobos-checking=release --with-target-system-zlib=auto --enable-objc-gc=auto --enable-multiarch --disable-werror --with-arch-32=i686 --with-abi=m64 --with-multilib-list=m32,m64,mx32 --enable-multilib --with-tune=generic --enable-offload-targets=nvptx-none=/build/gcc-10-Km9U7s/gcc-10-10.2.1/debian/tmp-nvptx/usr,amdgcn-amdhsa=/build/gcc-10-Km9U7s/gcc-10-10.2.1/debian/tmp-gcn/usr,hsa --without-cuda-driver --enable-checking=release --build=x86_64-linux-gnu --host=x86_64-linux-gnu --target=x86_64-linux-gnu --with-build-config=bootstrap-lto-lean --enable-link-mutex
Thread model: posix
Supported LTO compression algorithms: zlib zstd
gcc version 10.2.1 20210110 (Debian 10.2.1-6) 
... rest of stderr output deleted ...
configure:5098: $? = 0
configure:5087: gcc -V >&5
gcc: error: unrecognized command-line option '-V'
gcc: fatal error: no input files
compilation terminated.
configure:5098: $? = 1
configure:5087: gcc -qversion >&5
gcc: error: unrecognized command-line option '-qversion'; did you mean '--version'?
gcc: fatal error: no input files
compilation terminated.
configure:5098: $? = 1
configure:5102: checking whether we are using the GNU C compiler
configure:5130: result: yes
configure:5139: checking whether gcc accepts -g
configure:5200: result: yes
configure:5217: checking for gcc option to accept ISO C89
configure:5293: result: none needed
configure:5318: checking how to run the C preprocessor
configure:5388: result: gcc -E
configure:5408: gcc -E  conftest.c
configure:5408: $? = 0
configure:5422: gcc -E  conftest.c
conftest.c:22:10: fatal error: ac_nonexistent.h: No such file or directory
   22 | #include <ac_nonexistent.h>
      |          ^~~~~~~~~~~~~~~~~~
compilation terminated.
configure:5422: $? = 1
configure: failed program was:
| /* confdefs.h */
| #define PACKAGE_NAME "LinuxCNC"
| #define PACKAGE_TARNAME "linuxcnc"
| #define PACKAGE_VERSION "hal-embedded"
| #define PACKAGE_STRING "LinuxCNC hal-embedded"
| #define PACKAGE_BUGREPORT "emc-developers@lists.sourceforge.net"
| #define PACKAGE_URL ""
| #define STDC_HEADERS 1
| #define HAVE_SYS_TYPES_H 1
| #define HAVE_SYS_STAT_H 1
| #define HAVE_STDLIB_H 1
| #define HAVE_STRING_H 1
| #define HAVE_MEMORY_H 1
| #define HAVE_STRINGS_H 1
| #define HAVE_INTTYPES_H 1
| #define HAVE_STDINT_H 1
| #define HAVE_UNISTD_H 1
| #define HAVE_CXX11 1
| #define RTAPI_USPACE /**/
| #define RTDIR "/opt/hal-core/src"
| /* end confdefs.h.  */
| #include <ac_nonexistent.h>
configure:5457: checking for usability of linux/hidraw.h
configure:5474: gcc -o conftest -g -O2   conftest.c  >&5
configure:5474: $? = 0
configure:5486: result: yes
configure:5494: checking for usability of rpc/rpc.h
configure:5512: gcc -o conftest -g -O2   conftest.c  >&5
configure:5512: $? = 0
configure:5514: result: yes
configure:5544: checking for libmodbus3
configure:5548: result: yes - version 3.1.6
configure:5587: checking for libusb-1.0
configure:5590: result: yes
configure:5710: checking for module installation directory
configure:5739: result: configuring for run-in-place
configure:5748: result: /opt/hal-core/rtlib
configure:5911: checking for glib
configure:5915: result: yes - 2.66.8
configure:5940: checking for GTK 2.4.0 or above
configure:5944: result: yes - 2.24.33
configure:5948: checking for libgnomeprintui-2.2
configure:5957: result: no -- printing from classicladder will not be possible
configure:5983: checking whether make sets $(MAKE)
configure:6005: result: yes
configure:6057: checking for ranlib
configure:6073: found /usr/bin/ranlib
configure:6084: result: ranlib
configure:6108: checking for ar
configure:6126: found /usr/bin/ar
configure:6138: result: /usr/bin/ar
configure:6148: checking for install
configure:6166: found /usr/bin/install
configure:6178: result: /usr/bin/install
configure:6189: checking for sed
configure:6207: found /usr/bin/sed
configure:6220: result: /usr/bin/sed
configure:6235: checking for ps
configure:6253: found /usr/bin/ps
configure:6266: result: /usr/bin/ps
configure:6281: checking for kill
configure:6299: found /usr/bin/kill
configure:6312: result: /usr/bin/kill
configure:6327: checking for whoami
configure:6345: found /usr/bin/whoami
configure:6358: result: /usr/bin/whoami
configure:6373: checking for awk
configure:6391: found /usr/bin/awk
configure:6404: result: /usr/bin/awk
configure:6560: checking for pidof
configure:6578: found /usr/bin/pidof
configure:6591: result: /usr/bin/pidof
configure:6606: checking for ipcs
configure:6624: found /usr/bin/ipcs
configure:6637: result: /usr/bin/ipcs
configure:6652: checking for fuser
configure:6670: found /usr/bin/fuser
configure:6683: result: /usr/bin/fuser
configure:6700: checking for yapps
configure:6733: result: no
configure:6700: checking for yapps2
configure:6718: found /usr/bin/yapps2
configure:6730: result: /usr/bin/yapps2
configure:6751: checking for mandb
configure:6769: found /usr/bin/mandb
configure:6782: result: /usr/bin/mandb
configure:6793: checking for intltool-extract
configure:6811: found /usr/bin/intltool-extract
configure:6824: result: /usr/bin/intltool-extract
configure:6885: checking for yapps
configure:6915: result: /usr/bin/yapps2
configure:6953: checking for python3
configure:6971: found /usr/bin/python3
configure:6984: result: /usr/bin/python3
configure:6997: checking whether to build documentation
configure:7034: result: no
configure:7594: checking sys/io.h usability
configure:7594: gcc -c -g -O2  conftest.c >&5
configure:7594: $? = 0
configure:7594: result: yes
configure:7594: checking sys/io.h presence
configure:7594: gcc -E  conftest.c
configure:7594: $? = 0
configure:7594: result: yes
configure:7594: checking for sys/io.h
configure:7594: result: yes
configure:7607: checking for ANSI C header files
configure:7711: result: yes
configure:7719: checking for sys/wait.h that is POSIX.1 compatible
configure:7745: gcc -c -g -O2  conftest.c >&5
configure:7745: $? = 0
configure:7752: result: yes
configure:7762: checking for semtimedop
configure:7762: gcc -o conftest -g -O2   conftest.c  >&5
configure:7762: $? = 0
configure:7762: result: yes
configure:7772: checking for optreset
configure:7788: gcc -o conftest -g -O2   conftest.c  >&5
/usr/bin/ld: /tmp/ccHHSk8C.o: warning: relocation against `optreset' in read-only section `.text.startup'
/usr/bin/ld: /tmp/ccHHSk8C.o: in function `main':
/opt/hal-core/src/conftest.c:49: undefined reference to `optreset'
/usr/bin/ld: warning: creating DT_TEXTREL in a PIE
collect2: error: ld returned 1 exit status
configure:7788: $? = 1
configure: failed program was:
| /* confdefs.h */
| #define PACKAGE_NAME "LinuxCNC"
| #define PACKAGE_TARNAME "linuxcnc"
| #define PACKAGE_VERSION "hal-embedded"
| #define PACKAGE_STRING "LinuxCNC hal-embedded"
| #define PACKAGE_BUGREPORT "emc-developers@lists.sourceforge.net"
| #define PACKAGE_URL ""
| #define STDC_HEADERS 1
| #define HAVE_SYS_TYPES_H 1
| #define HAVE_SYS_STAT_H 1
| #define HAVE_STDLIB_H 1
| #define HAVE_STRING_H 1
| #define HAVE_MEMORY_H 1
| #define HAVE_STRINGS_H 1
| #define HAVE_INTTYPES_H 1
| #define HAVE_STDINT_H 1
| #define HAVE_UNISTD_H 1
| #define HAVE_CXX11 1
| #define RTAPI_USPACE /**/
| #define RTDIR "/opt/hal-core/src"
| #define HIDRAW_H_USABLE /**/
| #define HAVE_LIBMODBUS3 yes
| #define HAVE_LIBUSB10 yes
| #define MODULE_EXT ".so"
| #define EMC2_DEFAULT_NMLFILE "/opt/hal-core/configs/common/linuxcnc.nml"
| #define EMC2_DEFAULT_TOOLTABLE "/opt/hal-core/configs/sim/sim.tbl"
| #define EMC2_HOME "/opt/hal-core"
| #define EMC2_BIN_DIR "/opt/hal-core/bin"
| #define EMC2_TCL_DIR "/opt/hal-core/tcl"
| #define EMC2_HELP_DIR "/opt/hal-core/docs/help"
| #define EMC2_RTLIB_DIR "/opt/hal-core/rtlib"
| #define EMC2_LANG_DIR "/opt/hal-core/src/objects"
| #define EMC2_PO_DIR "/opt/hal-core/share/locale"
| #define EMC2_CONFIG_DIR ""
| #define EMC2_NCFILES_DIR "/opt/hal-core/nc_files"
| #define EMC2_IMAGE_DIR "/opt/hal-core"
| #define HAVE_SYS_IO_H 1
| #define STDC_HEADERS 1
| #define HAVE_SYS_WAIT_H 1
| #define HAVE_SEMTIMEDOP 1
| /* end confdefs.h.  */
| 
| #include <unistd.h>
| extern int optreset;
| 
| int
| main ()
| {
|  optreset = 1;
|   ;
|   return 0;
| }
configure:7800: result: no
configure:7808: checking for library containing dlopen
configure:7839: gcc -o conftest -g -O2   conftest.c  >&5
/usr/bin/ld: /tmp/ccfdsynH.o: in function `main':
/opt/hal-core/src/conftest.c:53: undefined reference to `dlopen'
collect2: error: ld returned 1 exit status
configure:7839: $? = 1
configure: failed program was:
| /* confdefs.h */
| #define PACKAGE_NAME "LinuxCNC"
| #define PACKAGE_TARNAME "linuxcnc"
| #define PACKAGE_VERSION "hal-embedded"
| #define PACKAGE_STRING "LinuxCNC hal-embedded"
| #define PACKAGE_BUGREPORT "emc-developers@lists.sourceforge.net"
| #define PACKAGE_URL ""
| #define STDC_HEADERS 1
| #define HAVE_SYS_TYPES_H 1
| #define HAVE_SYS_STAT_H 1
| #define HAVE_STDLIB_H 1
| #define HAVE_STRING_H 1
| #define HAVE_MEMORY_H 1
| #define HAVE_STRINGS_H 1
| #define HAVE_INTTYPES_H 1
| #define HAVE_STDINT_H 1
| #define HAVE_UNISTD_H 1
| #define HAVE_CXX11 1
| #define RTAPI_USPACE /**/
| #define RTDIR "/opt/hal-core/src"
| #define HIDRAW_H_USABLE /**/
| #define HAVE_LIBMODBUS3 yes
| #define HAVE_LIBUSB10 yes
| #define MODULE_EXT ".so"
| #define EMC2_DEFAULT_NMLFILE "/opt/hal-core/configs/common/linuxcnc.nml"
| #define EMC2_DEFAULT_TOOLTABLE "/opt/hal-core/configs/sim/sim.tbl"
| #define EMC2_HOME "/opt/hal-core"
| #define EMC2_BIN_DIR "/opt/hal-core/bin"
| #define EMC2_TCL_DIR "/opt/hal-core/tcl"
| #define EMC2_HELP_DIR "/opt/hal-core/docs/help"
| #define EMC2_RTLIB_DIR "/opt/hal-core/rtlib"
| #define EMC2_LANG_DIR "/opt/hal-core/src/objects"
| #define EMC2_PO_DIR "/opt/hal-core/share/locale"
| #define EMC2_CONFIG_DIR ""
| #define EMC2_NCFILES_DIR "/opt/hal-core/nc_files"
| #define EMC2_IMAGE_DIR "/opt/hal-core"
| #define HAVE_SYS_IO_H 1
| #define STDC_HEADERS 1
| #define HAVE_SYS_WAIT_H 1
| #define HAVE_SEMTIMEDOP 1
| /* end confdefs.h.  */
| 
| /* Override any GCC internal prototype to avoid an error.
|    Use char because int might match the return type of a GCC
|    builtin and then its argument prototype would still apply.  */
| #ifdef __cplusplus
| extern "C"
| #endif
| char dlopen ();
| int
| main ()
| {
| return dlopen ();
|   ;
|   return 0;
| }
configure:7839: gcc -o conftest -g -O2   conftest.c -lc   >&5
/usr/bin/ld: /tmp/ccHAAhXP.o: in function `main':
/opt/hal-core/src/conftest.c:53: undefined reference to `dlopen'
collect2: error: ld returned 1 exit status
configure:7839: $? = 1
configure: failed program was:
| /* confdefs.h */
| #define PACKAGE_NAME "LinuxCNC"
| #define PACKAGE_TARNAME "linuxcnc"
| #define PACKAGE_VERSION "hal-embedded"
| #define PACKAGE_STRING "LinuxCNC hal-embedded"
| #define PACKAGE_BUGREPORT "emc-developers@lists.sourceforge.net"
| #define PACKAGE_URL ""
| #define STDC_HEADERS 1
| #define HAVE_SYS_TYPES_H 1
| #define HAVE_SYS_STAT_H 1
| #define HAVE_STDLIB_H 1
| #define HAVE_STRING_H 1
| #define HAVE_MEMORY_H 1
| #define HAVE_STRINGS_H 1
| #define HAVE_INTTYPES_H 1
| #define HAVE_STDINT_H 1
| #define HAVE_UNISTD_H 1
| #define HAVE_CXX11 1
| #define RTAPI_USPACE /**/
| #define RTDIR "/opt/hal-core/src"
| #define HIDRAW_H_USABLE /**/
| #define HAVE_LIBMODBUS3 yes
| #define HAVE_LIBUSB10 yes
| #define MODULE_EXT ".so"
| #define EMC2_DEFAULT_NMLFILE "/opt/hal-core/configs/common/linuxcnc.nml"
| #define EMC2_DEFAULT_TOOLTABLE "/opt/hal-core/configs/sim/sim.tbl"
| #define EMC2_HOME "/opt/hal-core"
| #define EMC2_BIN_DIR "/opt/hal-core/bin"
| #define EMC2_TCL_DIR "/opt/hal-core/tcl"
| #define EMC2_HELP_DIR "/opt/hal-core/docs/help"
| #define EMC2_RTLIB_DIR "/opt/hal-core/rtlib"
| #define EMC2_LANG_DIR "/opt/hal-core/src/objects"
| #define EMC2_PO_DIR "/opt/hal-core/share/locale"
| #define EMC2_CONFIG_DIR ""
| #define EMC2_NCFILES_DIR "/opt/hal-core/nc_files"
| #define EMC2_IMAGE_DIR "/opt/hal-core"
| #define HAVE_SYS_IO_H 1
| #define STDC_HEADERS 1
| #define HAVE_SYS_WAIT_H 1
| #define HAVE_SEMTIMEDOP 1
| /* end confdefs.h.  */
| 
| /* Override any GCC internal prototype to avoid an error.
|    Use char because int might match the return type of a GCC
|    builtin and then its argument prototype would still apply.  */
| #ifdef __cplusplus
| extern "C"
| #endif
| char dlopen ();
| int
| main ()
| {
| return dlopen ();
|   ;
|   return 0;
| }
configure:7839: gcc -o conftest -g -O2   conftest.c -ldl   >&5
configure:7839: $? = 0
configure:7856: result: -ldl
configure:7878: checking for library containing clock_nanosleep
configure:7909: gcc -o conftest -g -O2   conftest.c  >&5
configure:7909: $? = 0
configure:7926: result: none required
configure:7948: checking for tcl
configure:8050: result: /usr/lib/tcl8.6/tclConfig.sh found
configure:8057: checking for tk
configure:8164: result: /usr/lib/tk8.6/tkConfig.sh found
configure:8200: checking whether to check for runtime dependencies
configure:8202: result: yes
configure:8206: checking for BWidget using /usr/bin/tclsh8.6
configure:8209: result: found
configure:8218: checking for BLT using tclsh8.5
configure:8224: result: not found
configure:8228: checking for img::png using /usr/bin/tclsh8.6
configure:8231: result: found
configure:8241: checking for tclX using /usr/bin/tclsh8.6
configure:8244: result: found
configure:8253: checking for python pango and cairo modules
configure:8259: result: found
configure:8299: checking for X
configure:8407: gcc -E  conftest.c
configure:8407: $? = 0
configure:8438: gcc -o conftest -g -O2   conftest.c -lX11  >&5
configure:8438: $? = 0
configure:8488: result: libraries , headers 
configure:8587: gcc -o conftest -g -O2   conftest.c   -lX11 >&5
configure:8587: $? = 0
configure:8685: checking for gethostbyname
configure:8685: gcc -o conftest -g -O2   conftest.c  >&5
configure:8685: $? = 0
configure:8685: result: yes
configure:8782: checking for connect
configure:8782: gcc -o conftest -g -O2   conftest.c  >&5
configure:8782: $? = 0
configure:8782: result: yes
configure:8831: checking for remove
configure:8831: gcc -o conftest -g -O2   conftest.c  >&5
configure:8831: $? = 0
configure:8831: result: yes
configure:8880: checking for shmat
configure:8880: gcc -o conftest -g -O2   conftest.c  >&5
configure:8880: $? = 0
configure:8880: result: yes
configure:8938: checking for IceConnectionNumber in -lICE
configure:8963: gcc -o conftest -g -O2   conftest.c -lICE   >&5
configure:8963: $? = 0
configure:8972: result: yes
configure:8990: checking X11/extensions/Xinerama.h usability
configure:8990: gcc -c -g -O2  conftest.c >&5
configure:8990: $? = 0
configure:8990: result: yes
configure:8990: checking X11/extensions/Xinerama.h presence
configure:8990: gcc -E  conftest.c
configure:8990: $? = 0
configure:8990: result: yes
configure:8990: checking for X11/extensions/Xinerama.h
configure:8990: result: yes
configure:9003: checking for XineramaQueryExtension in -lXinerama
configure:9028: gcc -o conftest -g -O2   conftest.c -lXinerama   >&5
configure:9028: $? = 0
configure:9037: result: yes
configure:9062: checking readline/readline.h usability
configure:9062: gcc -c -g -O2  conftest.c >&5
configure:9062: $? = 0
configure:9062: result: yes
configure:9062: checking readline/readline.h presence
configure:9062: gcc -E  conftest.c
configure:9062: $? = 0
configure:9062: result: yes
configure:9062: checking for readline/readline.h
configure:9062: result: yes
configure:9076: checking readline/history.h usability
configure:9076: gcc -c -g -O2  conftest.c >&5
configure:9076: $? = 0
configure:9076: result: yes
configure:9076: checking readline/history.h presence
configure:9076: gcc -E  conftest.c
configure:9076: $? = 0
configure:9076: result: yes
configure:9076: checking for readline/history.h
configure:9076: result: yes
configure:9090: checking for readline in -lreadline
configure:9115: gcc -o conftest -g -O2   conftest.c -lreadline   >&5
configure:9115: $? = 0
configure:9124: result: yes
configure:9132: checking for readline in -lreadline
configure:9157: gcc -o conftest -g -O2   conftest.c -lreadline -ltermcap  >&5
configure:9157: $? = 0
configure:9166: result: yes
configure:9184: checking whether readline license is compatible with GPL-2
configure:9204: gcc -c -g -O2  conftest.c >&5
configure:9204: $? = 0
configure:9205: result: yes
configure:9260: checking locale.h usability
configure:9260: gcc -c -g -O2  conftest.c >&5
configure:9260: $? = 0
configure:9260: result: yes
configure:9260: checking locale.h presence
configure:9260: gcc -E  conftest.c
configure:9260: $? = 0
configure:9260: result: yes
configure:9260: checking for locale.h
configure:9260: result: yes
configure:9272: checking for setlocale
configure:9272: gcc -o conftest -g -O2   conftest.c  >&5
configure:9272: $? = 0
configure:9272: result: yes
configure:9289: checking libintl.h usability
configure:9289: gcc -c -g -O2  conftest.c >&5
configure:9289: $? = 0
configure:9289: result: yes
configure:9289: checking libintl.h presence
configure:9289: gcc -E  conftest.c
configure:9289: $? = 0
configure:9289: result: yes
configure:9289: checking for libintl.h
configure:9289: result: yes
configure:9299: checking for gettext in -lintl
configure:9324: gcc -o conftest -g -O2   conftest.c -lintl   >&5
conftest.c:59:6: warning: conflicting types for built-in function 'gettext'; expected 'char *(const char *)' [-Wbuiltin-declaration-mismatch]
   59 | char gettext ();
      |      ^~~~~~~
/usr/bin/ld: cannot find -lintl
collect2: error: ld returned 1 exit status
configure:9324: $? = 1
configure: failed program was:
| /* confdefs.h */
| #define PACKAGE_NAME "LinuxCNC"
| #define PACKAGE_TARNAME "linuxcnc"
| #define PACKAGE_VERSION "hal-embedded"
| #define PACKAGE_STRING "LinuxCNC hal-embedded"
| #define PACKAGE_BUGREPORT "emc-developers@lists.sourceforge.net"
| #define PACKAGE_URL ""
| #define STDC_HEADERS 1
| #define HAVE_SYS_TYPES_H 1
| #define HAVE_SYS_STAT_H 1
| #define HAVE_STDLIB_H 1
| #define HAVE_STRING_H 1
| #define HAVE_MEMORY_H 1
| #define HAVE_STRINGS_H 1
| #define HAVE_INTTYPES_H 1
| #define HAVE_STDINT_H 1
| #define HAVE_UNISTD_H 1
| #define HAVE_CXX11 1
| #define RTAPI_USPACE /**/
| #define RTDIR "/opt/hal-core/src"
| #define HIDRAW_H_USABLE /**/
| #define HAVE_LIBMODBUS3 yes
| #define HAVE_LIBUSB10 yes
| #define MODULE_EXT ".so"
| #define EMC2_DEFAULT_NMLFILE "/opt/hal-core/configs/common/linuxcnc.nml"
| #define EMC2_DEFAULT_TOOLTABLE "/opt/hal-core/configs/sim/sim.tbl"
| #define EMC2_HOME "/opt/hal-core"
| #define EMC2_BIN_DIR "/opt/hal-core/bin"
| #define EMC2_TCL_DIR "/opt/hal-core/tcl"
| #define EMC2_HELP_DIR "/opt/hal-core/docs/help"
| #define EMC2_RTLIB_DIR "/opt/hal-core/rtlib"
| #define EMC2_LANG_DIR "/opt/hal-core/src/objects"
| #define EMC2_PO_DIR "/opt/hal-core/share/locale"
| #define EMC2_CONFIG_DIR ""
| #define EMC2_NCFILES_DIR "/opt/hal-core/nc_files"
| #define EMC2_IMAGE_DIR "/opt/hal-core"
| #define HAVE_SYS_IO_H 1
| #define STDC_HEADERS 1
| #define HAVE_SYS_WAIT_H 1
| #define HAVE_SEMTIMEDOP 1
| #define LIBDL $LIBDL
| #define HAVE_CLOCK_NANOSLEEP 1
| #define HAVE_X11_EXTENSIONS_XINERAMA_H 1
| #define HAVE_LIBXINERAMA 1
| #define HAVE_READLINE_READLINE_H 1
| #define HAVE_READLINE_HISTORY_H 1
| #define HAVE_READLINE /**/
| #define HAVE_LOCALE_H 1
| #define HAVE_SETLOCALE 1
| #define HAVE_LIBINTL_H 1
| /* end confdefs.h.  */
| 
| /* Override any GCC internal prototype to avoid an error.
|    Use char because int might match the return type of a GCC
|    builtin and then its argument prototype would still apply.  */
| #ifdef __cplusplus
| extern "C"
| #endif
| char gettext ();
| int
| main ()
| {
| return gettext ();
|   ;
|   return 0;
| }
configure:9333: result: no
configure:9376: checking for xgettext
configure:9394: found /usr/bin/xgettext
configure:9407: result: /usr/bin/xgettext
configure:9423: checking for msgfmt
configure:9441: found /usr/bin/msgfmt
configure:9454: result: /usr/bin/msgfmt
configure:9471: checking python version
configure:9477: result: OK
configure:9480: checking version of python libraries
configure:9483: result: python3.9
configure:9486: checking match between tk and Tkinter versions
configure:9512: result: 8.6
configure:9517: checking location of Python header files
configure:9520: result: /usr/include/python3.9
configure:9523: checking for Python headers
configure:9537: result: -I/usr/include/python3.9
configure:9541: checking for Python libraries
configure:9551: result: -lcrypt -lpthread -ldl  -lutil -lm
configure:9571: checking whether the Boost::Python headers are available
configure:9590: g++ -c -g -O2 -I/usr/include/python3.9  conftest.cpp >&5
configure:9590: $? = 0
configure:9597: result: yes
configure:9615: checking for boost::python shared library
configure:9632: g++ -o conftest -g -O2 -I/usr/include/python3.9   conftest.cpp  -lXinerama  -lpython3.9 -lboost_python >&5
/usr/bin/ld: cannot find -lboost_python
collect2: error: ld returned 1 exit status
configure:9632: $? = 1
configure: failed program was:
| /* confdefs.h */
| #define PACKAGE_NAME "LinuxCNC"
| #define PACKAGE_TARNAME "linuxcnc"
| #define PACKAGE_VERSION "hal-embedded"
| #define PACKAGE_STRING "LinuxCNC hal-embedded"
| #define PACKAGE_BUGREPORT "emc-developers@lists.sourceforge.net"
| #define PACKAGE_URL ""
| #define STDC_HEADERS 1
| #define HAVE_SYS_TYPES_H 1
| #define HAVE_SYS_STAT_H 1
| #define HAVE_STDLIB_H 1
| #define HAVE_STRING_H 1
| #define HAVE_MEMORY_H 1
| #define HAVE_STRINGS_H 1
| #define HAVE_INTTYPES_H 1
| #define HAVE_STDINT_H 1
| #define HAVE_UNISTD_H 1
| #define HAVE_CXX11 1
| #define RTAPI_USPACE /**/
| #define RTDIR "/opt/hal-core/src"
| #define HIDRAW_H_USABLE /**/
| #define HAVE_LIBMODBUS3 yes
| #define HAVE_LIBUSB10 yes
| #define MODULE_EXT ".so"
| #define EMC2_DEFAULT_NMLFILE "/opt/hal-core/configs/common/linuxcnc.nml"
| #define EMC2_DEFAULT_TOOLTABLE "/opt/hal-core/configs/sim/sim.tbl"
| #define EMC2_HOME "/opt/hal-core"
| #define EMC2_BIN_DIR "/opt/hal-core/bin"
| #define EMC2_TCL_DIR "/opt/hal-core/tcl"
| #define EMC2_HELP_DIR "/opt/hal-core/docs/help"
| #define EMC2_RTLIB_DIR "/opt/hal-core/rtlib"
| #define EMC2_LANG_DIR "/opt/hal-core/src/objects"
| #define EMC2_PO_DIR "/opt/hal-core/share/locale"
| #define EMC2_CONFIG_DIR ""
| #define EMC2_NCFILES_DIR "/opt/hal-core/nc_files"
| #define EMC2_IMAGE_DIR "/opt/hal-core"
| #define HAVE_SYS_IO_H 1
| #define STDC_HEADERS 1
| #define HAVE_SYS_WAIT_H 1
| #define HAVE_SEMTIMEDOP 1
| #define LIBDL $LIBDL
| #define HAVE_CLOCK_NANOSLEEP 1
| #define HAVE_X11_EXTENSIONS_XINERAMA_H 1
| #define HAVE_LIBXINERAMA 1
| #define HAVE_READLINE_READLINE_H 1
| #define HAVE_READLINE_HISTORY_H 1
| #define HAVE_READLINE /**/
| #define HAVE_LOCALE_H 1
| #define HAVE_SETLOCALE 1
| #define HAVE_LIBINTL_H 1
| /* end confdefs.h.  */
| #include <boost/python/object_fwd.hpp>
| int
| main ()
| {
| boost::python::object *test_object;
|   ;
|   return 0;
| }
configure:9632: g++ -o conftest -g -O2 -I/usr/include/python3.9   conftest.cpp  -lXinerama  -lpython3.9 -l >&5
g++: error: missing argument to '-l'
configure:9632: $? = 1
configure: failed program was:
| /* confdefs.h */
| #define PACKAGE_NAME "LinuxCNC"
| #define PACKAGE_TARNAME "linuxcnc"
| #define PACKAGE_VERSION "hal-embedded"
| #define PACKAGE_STRING "LinuxCNC hal-embedded"
| #define PACKAGE_BUGREPORT "emc-developers@lists.sourceforge.net"
| #define PACKAGE_URL ""
| #define STDC_HEADERS 1
| #define HAVE_SYS_TYPES_H 1
| #define HAVE_SYS_STAT_H 1
| #define HAVE_STDLIB_H 1
| #define HAVE_STRING_H 1
| #define HAVE_MEMORY_H 1
| #define HAVE_STRINGS_H 1
| #define HAVE_INTTYPES_H 1
| #define HAVE_STDINT_H 1
| #define HAVE_UNISTD_H 1
| #define HAVE_CXX11 1
| #define RTAPI_USPACE /**/
| #define RTDIR "/opt/hal-core/src"
| #define HIDRAW_H_USABLE /**/
| #define HAVE_LIBMODBUS3 yes
| #define HAVE_LIBUSB10 yes
| #define MODULE_EXT ".so"
| #define EMC2_DEFAULT_NMLFILE "/opt/hal-core/configs/common/linuxcnc.nml"
| #define EMC2_DEFAULT_TOOLTABLE "/opt/hal-core/configs/sim/sim.tbl"
| #define EMC2_HOME "/opt/hal-core"
| #define EMC2_BIN_DIR "/opt/hal-core/bin"
| #define EMC2_TCL_DIR "/opt/hal-core/tcl"
| #define EMC2_HELP_DIR "/opt/hal-core/docs/help"
| #define EMC2_RTLIB_DIR "/opt/hal-core/rtlib"
| #define EMC2_LANG_DIR "/opt/hal-core/src/objects"
| #define EMC2_PO_DIR "/opt/hal-core/share/locale"
| #define EMC2_CONFIG_DIR ""
| #define EMC2_NCFILES_DIR "/opt/hal-core/nc_files"
| #define EMC2_IMAGE_DIR "/opt/hal-core"
| #define HAVE_SYS_IO_H 1
| #define STDC_HEADERS 1
| #define HAVE_SYS_WAIT_H 1
| #define HAVE_SEMTIMEDOP 1
| #define LIBDL $LIBDL
| #define HAVE_CLOCK_NANOSLEEP 1
| #define HAVE_X11_EXTENSIONS_XINERAMA_H 1
| #define HAVE_LIBXINERAMA 1
| #define HAVE_READLINE_READLINE_H 1
| #define HAVE_READLINE_HISTORY_H 1
| #define HAVE_READLINE /**/
| #define HAVE_LOCALE_H 1
| #define HAVE_SETLOCALE 1
| #define HAVE_LIBINTL_H 1
| /* end confdefs.h.  */
| #include <boost/python/object_fwd.hpp>
| int
| main ()
| {
| boost::python::object *test_object;
|   ;
|   return 0;
| }
configure:9632: g++ -o conftest -g -O2 -I/usr/include/python3.9   conftest.cpp  -lXinerama  -lpython3.9 -lboost_python39 >&5
configure:9632: $? = 0
configure:9643: result: -lboost_python39
configure:9668: checking /usr/include/python3.9/Python.h usability
configure:9668: gcc -c -g -O2 -I/usr/include/python3.9  conftest.c >&5
configure:9668: $? = 0
configure:9668: result: yes
configure:9668: checking /usr/include/python3.9/Python.h presence
configure:9668: gcc -E -I/usr/include/python3.9  conftest.c
configure:9668: $? = 0
configure:9668: result: yes
configure:9668: checking for /usr/include/python3.9/Python.h
configure:9668: result: yes
configure:9678: checking for site-package location
configure:9681: result: /usr/lib/python3/dist-packages
configure:9687: checking GL/gl.h usability
configure:9687: gcc -c -g -O2  conftest.c >&5
configure:9687: $? = 0
configure:9687: result: yes
configure:9687: checking GL/gl.h presence
configure:9687: gcc -E  conftest.c
configure:9687: $? = 0
configure:9687: result: yes
configure:9687: checking for GL/gl.h
configure:9687: result: yes
configure:9687: checking GL/glu.h usability
configure:9687: gcc -c -g -O2  conftest.c >&5
configure:9687: $? = 0
configure:9687: result: yes
configure:9687: checking GL/glu.h presence
configure:9687: gcc -E  conftest.c
configure:9687: $? = 0
configure:9687: result: yes
configure:9687: checking for GL/glu.h
configure:9687: result: yes
configure:9700: checking for glBegin in -lGL
configure:9725: gcc -o conftest -g -O2   conftest.c -lGL   -lXinerama  >&5
configure:9725: $? = 0
configure:9734: result: yes
configure:9748: checking for working GLU quadrics
configure:9764: gcc -c -g -O2  conftest.c >&5
configure:9764: $? = 0
configure:9765: result: yes
configure:9775: checking for Xmu headers
configure:9779: checking X11/Xmu/Xmu.h usability
configure:9779: gcc -c -g -O2  conftest.c >&5
configure:9779: $? = 0
configure:9779: result: yes
configure:9779: checking X11/Xmu/Xmu.h presence
configure:9779: gcc -E  conftest.c
configure:9779: $? = 0
configure:9779: result: yes
configure:9779: checking for X11/Xmu/Xmu.h
configure:9779: result: yes
configure:9924: creating ./config.status

## ---------------------- ##
## Running config.status. ##
## ---------------------- ##

This file was extended by LinuxCNC config.status hal-embedded, which was
generated by GNU Autoconf 2.69.  Invocation command line was

  CONFIG_FILES    = 
  CONFIG_HEADERS  = 
  CONFIG_LINKS    = 
  CONFIG_COMMANDS = 
  $ ./config.status 

on debian10

config.status:1006: creating ../scripts/rtapi.conf
config.status:1006: creating ../scripts/halrun
config.status:1006: creating ../scripts/rip-environment
config.status:1006: creating ../scripts/realtime
config.status:1006: creating Makefile.inc
config.status:1006: creating Makefile.modinc
config.status:1006: creating config.h
config.status:1176: config.h is unchanged

## ---------------- ##
## Cache variables. ##
## ---------------- ##

ac_cv_boost_python=yes
ac_cv_c_compiler_gnu=yes
ac_cv_cxx_compiler_gnu=yes
ac_cv_env_CCC_set=
ac_cv_env_CCC_value=
ac_cv_env_CC_set=
ac_cv_env_CC_value=
ac_cv_env_CFLAGS_set=
ac_cv_env_CFLAGS_value=
ac_cv_env_CPPFLAGS_set=
ac_cv_env_CPPFLAGS_value=
ac_cv_env_CPP_set=
ac_cv_env_CPP_value=
ac_cv_env_CXXCPP_set=
ac_cv_env_CXXCPP_value=
ac_cv_env_CXXFLAGS_set=
ac_cv_env_CXXFLAGS_value=
ac_cv_env_CXX_set=
ac_cv_env_CXX_value=
ac_cv_env_LDFLAGS_set=
ac_cv_env_LDFLAGS_value=
ac_cv_env_LIBS_set=
ac_cv_env_LIBS_value=
ac_cv_env_XMKMF_set=
ac_cv_env_XMKMF_value=
ac_cv_env_build_alias_set=
ac_cv_env_build_alias_value=
ac_cv_env_host_alias_set=
ac_cv_env_host_alias_value=
ac_cv_env_target_alias_set=
ac_cv_env_target_alias_value=
ac_cv_func_connect=yes
ac_cv_func_gethostbyname=yes
ac_cv_func_remove=yes
ac_cv_func_semtimedop=yes
ac_cv_func_setlocale=yes
ac_cv_func_shmat=yes
ac_cv_have_x='have_x=yes	ac_x_includes='\'''\''	ac_x_libraries='\'''\'''
ac_cv_header_GL_gl_h=yes
ac_cv_header_GL_glu_h=yes
ac_cv_header_X11_Xmu_Xmu_h=yes
ac_cv_header_X11_extensions_Xinerama_h=yes
ac_cv_header__usr_include_python3_9_Python_h=yes
ac_cv_header_boost_lockfree_queue_hpp=yes
ac_cv_header_inttypes_h=yes
ac_cv_header_libintl_h=yes
ac_cv_header_locale_h=yes
ac_cv_header_memory_h=yes
ac_cv_header_readline_history_h=yes
ac_cv_header_readline_readline_h=yes
ac_cv_header_rpc_rpc_h=yes
ac_cv_header_stdc=yes
ac_cv_header_stdint_h=yes
ac_cv_header_stdlib_h=yes
ac_cv_header_string_h=yes
ac_cv_header_strings_h=yes
ac_cv_header_sys_io_h=yes
ac_cv_header_sys_stat_h=yes
ac_cv_header_sys_types_h=yes
ac_cv_header_sys_wait_h=yes
ac_cv_header_unistd_h=yes
ac_cv_lib_GL_glBegin=yes
ac_cv_lib_ICE_IceConnectionNumber=yes
ac_cv_lib_Xinerama_XineramaQueryExtension=yes
ac_cv_lib_intl_gettext=no
ac_cv_objext=o
ac_cv_path_AR=/usr/bin/ar
ac_cv_path_AWK=/usr/bin/awk
ac_cv_path_EGREP='/usr/bin/grep -E'
ac_cv_path_FUSER=/usr/bin/fuser
ac_cv_path_GREP=/usr/bin/grep
ac_cv_path_INSTALL=/usr/bin/install
ac_cv_path_INTLTOOL_EXTRACT=/usr/bin/intltool-extract
ac_cv_path_IPCS=/usr/bin/ipcs
ac_cv_path_KILL=/usr/bin/kill
ac_cv_path_MANDB=/usr/bin/mandb
ac_cv_path_MSGFMT=/usr/bin/msgfmt
ac_cv_path_PIDOF=/usr/bin/pidof
ac_cv_path_PKG_CONFIG=/usr/bin/pkg-config
ac_cv_path_PS=/usr/bin/ps
ac_cv_path_PYTHON=/usr/bin/python3
ac_cv_path_SED=/usr/bin/sed
ac_cv_path_WHOAMI=/usr/bin/whoami
ac_cv_path_XENOMAI_CONFIG=none
ac_cv_path_XGETTEXT=/usr/bin/xgettext
ac_cv_path_YAPPS=/usr/bin/yapps2
ac_cv_prog_CPP='gcc -E'
ac_cv_prog_CXXCPP='g++ -E'
ac_cv_prog_ac_ct_CC=gcc
ac_cv_prog_ac_ct_CXX=g++
ac_cv_prog_ac_ct_RANLIB=ranlib
ac_cv_prog_cc_c89=
ac_cv_prog_cc_g=yes
ac_cv_prog_cxx_g=yes
ac_cv_prog_make_make_set=yes
ac_cv_search_clock_nanosleep='none required'
ac_cv_search_dlopen=-ldl
ax_cv_cxx_compile_cxx11=yes

## ----------------- ##
## Output variables. ##
## ----------------- ##

A2X=''
A2X_LATEX_ENCODING=''
AR='/usr/bin/ar'
ASCIIDOC=''
AUTODIRS=''
AWK='/usr/bin/awk'
BOOST_PYTHON_LIBS='-lboost_python39'
BUILD_DOCS='no'
BUILD_DOCS_HTML=''
BUILD_DOCS_PDF=''
BUILD_SYS='uspace'
BUILD_UDEV='yes'
CC='gcc'
CFLAGS='-g -O2'
CHECKLINK=''
CONFIG_USPACE_RTAI='n'
CONFIG_USPACE_XENOMAI='n'
CONVERT=''
CPP='gcc -E'
CPPFLAGS=''
CXX='g++'
CXXCPP='g++ -E'
CXXFLAGS='-g -O2'
DATE='Tue Aug 17 06:44:47 EDT 2021'
DBLATEX=''
DEFAULT_NMLFILE='/opt/hal-core/configs/common/linuxcnc.nml'
DEFS='-DHAVE_CONFIG_H'
DVIPNG=''
ECHO_C=''
ECHO_N='-n'
ECHO_T=''
EGREP='/usr/bin/grep -E'
EMC2VERSION='Undetermined'
EMC2_BIN_DIR='/opt/hal-core/bin'
EMC2_HELP_DIR='/opt/hal-core/docs/help'
EMC2_HOME='/opt/hal-core'
EMC2_ICON='/opt/hal-core/linuxcncicon.png'
EMC2_IMAGE_DIR='/opt/hal-core'
EMC2_LANG_DIR='/opt/hal-core/src/objects'
EMC2_LATENCY_SCRIPT='/opt/hal-core/scripts/latency-test'
EMC2_NCFILES_DIR='/opt/hal-core/nc_files'
EMC2_RTLIB_DIR='/opt/hal-core/rtlib'
EMC2_SCRIPT='/opt/hal-core/scripts/linuxcnc'
EMC2_SUFFIX=' (run-in-place)'
EMC2_TCL_DIR='/opt/hal-core/tcl'
EMC2_TCL_LIB_DIR='/opt/hal-core/tcl'
EXEEXT=''
EXT_RTFLAGS=''
FUSER='/usr/bin/fuser'
GLIB_CFLAGS='-I/usr/include/glib-2.0 -I/usr/lib/x86_64-linux-gnu/glib-2.0/include'
GLIB_LIBS='-lglib-2.0'
GREP='/usr/bin/grep'
GS=''
GTK_CFLAGS='-pthread -I/usr/include/gtk-2.0 -I/usr/lib/x86_64-linux-gnu/gtk-2.0/include -I/usr/include/pango-1.0 -I/usr/include/atk-1.0 -I/usr/include/gdk-pixbuf-2.0 -I/usr/include/pango-1.0 -I/usr/include/libmount -I/usr/include/blkid -I/usr/include/fribidi -I/usr/include/cairo -I/usr/include/pixman-1 -I/usr/include/harfbuzz -I/usr/include/glib-2.0 -I/usr/lib/x86_64-linux-gnu/glib-2.0/include -I/usr/include/uuid -I/usr/include/freetype2 -I/usr/include/libpng16'
GTK_LIBS='-lgtk-x11-2.0 -lgdk-x11-2.0 -lpangocairo-1.0 -latk-1.0 -lcairo -lgdk_pixbuf-2.0 -lgio-2.0 -lpangoft2-1.0 -lpango-1.0 -lgobject-2.0 -lglib-2.0 -lharfbuzz -lfontconfig -lfreetype'
GTK_VER='2.24.33'
HALLIB_DIR='/opt/hal-core/lib/hallib'
HAVE_CXX11='1'
HAVE_GNOMEPRINT=''
HAVE_LIBINTL=''
HAVE_LIBINTL_H=''
HAVE_LIBMODBUS3='yes'
HAVE_LIBUSB10='yes'
HAVE_LOCALE_H=''
HAVE_OPTRESET='no'
HAVE_READLINE='yes'
HIDRAW_H_USABLE='yes'
INCLUDEPY='/usr/include/python3.9'
INSMOD='/opt/hal-core/bin/linuxcnc_module_helper insert'
INSTALL='/usr/bin/install'
INTLTOOL_EXTRACT='/usr/bin/intltool-extract'
IPCS='/usr/bin/ipcs'
KERNELDIR=''
KERNEL_VERS=''
KILL='/usr/bin/kill'
LANGUAGES=''
LDFLAGS=''
LIBDL='-ldl '
LIBMODBUS_CFLAGS='-I/usr/include/modbus'
LIBMODBUS_LIBS='-lmodbus'
LIBOBJS=''
LIBPYTHON='python3.9'
LIBS='-lGL  -lXinerama '
LIBTIRPC_CFLAGS=''
LIBTIRPC_LIBS=''
LIBUDEV_CFLAGS=''
LIBUDEV_LIBS='-ludev'
LIBUSB10_CFLAGS='-I/usr/include/libusb-1.0'
LIBUSB10_LIBS='-lusb-1.0'
LINUXCNC_AUX_EXAMPLES='/usr/share/linuxcnc/aux_examples'
LINUXCNC_AUX_GLADEVCP='/usr/share/linuxcnc/aux_gladevcp'
LINUXCNC_CONFIG_PATH='~/linuxcnc/configs:/opt/hal-core/configs'
LOCALEDIR='/usr/share/locale'
LSMOD=''
LTLIBOBJS=''
MANDB='/usr/bin/mandb'
MODEXT='.so'
MODPATH_adeos=''
MODPATH_rtai_fifos=''
MODPATH_rtai_hal=''
MODPATH_rtai_ksched=''
MODPATH_rtai_math=''
MODPATH_rtai_sched=''
MODPATH_rtai_sem=''
MODULE_DIR='/opt/hal-core/lib/linuxcnc/modules'
MSGFMT='/usr/bin/msgfmt'
OBJEXT='o'
PACKAGE='linuxcnc'
PACKAGE_BUGREPORT='emc-developers@lists.sourceforge.net'
PACKAGE_NAME='LinuxCNC'
PACKAGE_STRING='LinuxCNC hal-embedded'
PACKAGE_TARNAME='linuxcnc'
PACKAGE_URL=''
PACKAGE_VERSION='hal-embedded'
PATH_SEPARATOR=':'
PDFLATEX=''
PIDOF='/usr/bin/pidof'
PKG_CONFIG='/usr/bin/pkg-config'
PS='/usr/bin/ps'
PYTHON='/usr/bin/python3'
PYTHON_CPPFLAGS='-I/usr/include/python3.9'
PYTHON_LIBS='-lcrypt -lpthread -ldl  -lutil -lm'
RANLIB='ranlib'
READLINE_LIBS='-lreadline'
REALTIME='/opt/hal-core/scripts/realtime'
RIP_MODULE_DIR='/opt/hal-core/rtlib'
RMMOD='/opt/hal-core/bin/linuxcnc_module_helper remove'
RTAI=''
RTAI_CONFIG='none'
RTAI_LXRT_CFLAGS=''
RTAI_LXRT_LDFLAGS=''
RTAPI_APP_CFLAGS=''
RTARCH='x86_64'
RTDIR='/opt/hal-core/src'
RTFLAGS='-DUSPACE'
RTPREFIX='uspace'
RTS='uspace'
RUN_IN_PLACE='yes'
SED='/usr/bin/sed'
SET_MAKE=''
SHELL='/bin/bash'
SITEPY='/usr/lib/python3/dist-packages'
SOURCE_HIGHLIGHT=''
TCLSH='/usr/bin/tclsh8.6'
TCL_CFLAGS='-I/usr/include/tcl8.6 -DUSE_TCL_STUBS'
TCL_DBGX=''
TCL_LIBS='-L/usr/lib/x86_64-linux-gnu -ltclstub8.6'
TK_CFLAGS='-I/usr/include/tcl8.6 '
TK_DBGX=''
TK_LIBS='-lX11 -lXss -lXext -lXft -lfontconfig -lfreetype -lfontconfig  -lpthread -ldl -lz  -lpthread -lm -L/usr/lib/x86_64-linux-gnu -ltk8.6'
TOOL_NML='no'
ULAPI_CFLAGS=''
ULAPI_LDFLAGS=''
USE_NLS='yes'
WHOAMI='/usr/bin/whoami'
WISH='/usr/bin/wish8.6'
XENOMAI_CFLAGS=''
XENOMAI_CONFIG='none'
XENOMAI_LDFLAGS=''
XGETTEXT='/usr/bin/xgettext'
XMKMF=''
XSLTPROC=''
X_CFLAGS=''
X_EXTRA_LIBS=''
X_LIBS=''
X_PRE_LIBS=' -lSM -lICE'
YAPPS='/usr/bin/yapps2'
ac_ct_CC='gcc'
ac_ct_CXX='g++'
bindir='${exec_prefix}/bin'
build_alias=''
datadir='${datarootdir}'
datarootdir='${prefix}/share'
docdir='${datarootdir}/doc/${PACKAGE_TARNAME}'
dvidir='${docdir}'
exec_prefix='${prefix}'
host_alias=''
htmldir='${docdir}'
includedir='${prefix}/include'
infodir='${datarootdir}/info'
libdir='${exec_prefix}/lib'
libexecdir='${exec_prefix}/libexec'
localedir='${datarootdir}/locale'
localstatedir='${prefix}/var'
mandir='${datarootdir}/man'
oldincludedir='/usr/include'
pdfdir='${docdir}'
prefix='/opt/hal-core'
program_transform_name='s,x,x,'
psdir='${docdir}'
runstatedir='${localstatedir}/run'
sbindir='${exec_prefix}/sbin'
sharedstatedir='${prefix}/com'
sysconfdir='${prefix}/etc'
target_alias=''

## ----------- ##
## confdefs.h. ##
## ----------- ##

/* confdefs.h */
#define PACKAGE_NAME "LinuxCNC"
#define PACKAGE_TARNAME "linuxcnc"
#define PACKAGE_VERSION "hal-embedded"
#define PACKAGE_STRING "LinuxCNC hal-embedded"
#define PACKAGE_BUGREPORT "emc-developers@lists.sourceforge.net"
#define PACKAGE_URL ""
#define STDC_HEADERS 1
#define HAVE_SYS_TYPES_H 1
#define HAVE_SYS_STAT_H 1
#define HAVE_STDLIB_H 1
#define HAVE_STRING_H 1
#define HAVE_MEMORY_H 1
#define HAVE_STRINGS_H 1
#define HAVE_INTTYPES_H 1
#define HAVE_STDINT_H 1
#define HAVE_UNISTD_H 1
#define HAVE_CXX11 1
#define RTAPI_USPACE /**/
#define RTDIR "/opt/hal-core/src"
#define HIDRAW_H_USABLE /**/
#define HAVE_LIBMODBUS3 yes
#define HAVE_LIBUSB10 yes
#define MODULE_EXT ".so"
#define EMC2_DEFAULT_NMLFILE "/opt/hal-core/configs/common/linuxcnc.nml"
#define EMC2_DEFAULT_TOOLTABLE "/opt/hal-core/configs/sim/sim.tbl"
#define EMC2_HOME "/opt/hal-core"
#define EMC2_BIN_DIR "/opt/hal-core/bin"
#define EMC2_TCL_DIR "/opt/hal-core/tcl"
#define EMC2_HELP_DIR "/opt/hal-core/docs/help"
#define EMC2_RTLIB_DIR "/opt/hal-core/rtlib"
#define EMC2_LANG_DIR "/opt/hal-core/src/objects"
#define EMC2_PO_DIR "/opt/hal-core/share/locale"
#define EMC2_CONFIG_DIR ""
#define EMC2_NCFILES_DIR "/opt/hal-core/nc_files"
#define EMC2_IMAGE_DIR "/opt/hal-core"
#define HAVE_SYS_IO_H 1
#define STDC_HEADERS 1
#define HAVE_SYS_WAIT_H 1
#define HAVE_SEMTIMEDOP 1
#define LIBDL $LIBDL
#define HAVE_CLOCK_NANOSLEEP 1
#define HAVE_X11_EXTENSIONS_XINERAMA_H 1
#define HAVE_LIBXINERAMA 1
#define HAVE_READLINE_READLINE_H 1
#define HAVE_READLINE_HISTORY_H 1
#define HAVE_READLINE /**/
#define HAVE_LOCALE_H 1
#define HAVE_SETLOCALE 1
#define HAVE_LIBINTL_H 1
#define HAVE_BOOST_PYTHON 1
#define HAVE_GL_GL_H 1
#define HAVE_GL_GLU_H 1
#define HAVE_LIBGL 1
#define HAVE_X11_XMU_XMU_H 1

configure: exit 0

## ---------------------- ##
## Running config.status. ##
## ---------------------- ##

This file was extended by LinuxCNC config.status hal-embedded, which was
generated by GNU Autoconf 2.69.  Invocation command line was

  CONFIG_FILES    = 
  CONFIG_HEADERS  = 
  CONFIG_LINKS    = 
  CONFIG_COMMANDS = 
  $ ./config.status -q --header=config.h

on debian10

config.status:1006: creating config.h
config.status:1176: config.h is unchanged

## ---------------------- ##
## Running config.status. ##
## ---------------------- ##

This file was extended by LinuxCNC config.status hal-embedded, which was
generated by GNU Autoconf 2.69.  Invocation command line was

  CONFIG_FILES    = 
  CONFIG_HEADERS  = 
  CONFIG_LINKS    = 
  CONFIG_COMMANDS = 
  $ ./config.status -q --header=config.h

on debian10

config.status:1006: creating config.h
config.status:1176: config.h is unchanged

## ---------------------- ##
## Running config.status. ##
## ---------------------- ##

This file was extended by LinuxCNC config.status hal-embedded, which was
generated by GNU Autoconf 2.69.  Invocation command line was

  CONFIG_FILES    = 
  CONFIG_HEADERS  = 
  CONFIG_LINKS    = 
  CONFIG_COMMANDS = 
  $ ./config.status -q --header=config.h

on debian10

config.status:1006: creating config.h
config.status:1176: config.h is unchanged

## ---------------------- ##
## Running config.status. ##
## ---------------------- ##

This file was extended by LinuxCNC config.status hal-embedded, which was
generated by GNU Autoconf 2.69.  Invocation command line was

  CONFIG_FILES    = 
  CONFIG_HEADERS  = 
  CONFIG_LINKS    = 
  CONFIG_COMMANDS = 
  $ ./config.status -q --header=config.h

on debian10

config.status:1006: creating config.h
config.status:1176: config.h is unchanged

## ---------------------- ##
## Running config.status. ##
## ---------------------- ##

This file was extended by LinuxCNC config.status hal-embedded, which was
generated by GNU Autoconf 2.69.  Invocation command line was

  CONFIG_FILES    = 
  CONFIG_HEADERS  = 
  CONFIG_LINKS    = 
  CONFIG_COMMANDS = 
  $ ./config.status -q --header=config.h

on debian10

config.status:1006: creating config.h
config.status:1176: config.h is unchanged

## ---------------------- ##
## Running config.status. ##
## ---------------------- ##

This file was extended by LinuxCNC config.status hal-embedded, which was
generated by GNU Autoconf 2.69.  Invocation command line was

  CONFIG_FILES    = 
  CONFIG_HEADERS  = 
  CONFIG_LINKS    = 
  CONFIG_COMMANDS = 
  $ ./config.status -q --header=config.h

on debian10

config.status:1006: creating config.h
config.status:1176: config.h is unchanged

## ---------------------- ##
## Running config.status. ##
## ---------------------- ##

This file was extended by LinuxCNC config.status hal-embedded, which was
generated by GNU Autoconf 2.69.  Invocation command line was

  CONFIG_FILES    = 
  CONFIG_HEADERS  = 
  CONFIG_LINKS    = 
  CONFIG_COMMANDS = 
  $ ./config.status -q --header=config.h

on debian10

config.status:1006: creating config.h
config.status:1176: config.h is unchanged

## ---------------------- ##
## Running config.status. ##
## ---------------------- ##

This file was extended by LinuxCNC config.status hal-embedded, which was
generated by GNU Autoconf 2.69.  Invocation command line was

  CONFIG_FILES    = 
  CONFIG_HEADERS  = 
  CONFIG_LINKS    = 
  CONFIG_COMMANDS = 
  $ ./config.status -q --header=config.h

on debian10

config.status:1006: creating config.h
config.status:1176: config.h is unchanged

## ---------------------- ##
## Running config.status. ##
## ---------------------- ##

This file was extended by LinuxCNC config.status hal-embedded, which was
generated by GNU Autoconf 2.69.  Invocation command line was

  CONFIG_FILES    = 
  CONFIG_HEADERS  = 
  CONFIG_LINKS    = 
  CONFIG_COMMANDS = 
  $ ./config.status -q --header=config.h

on debian10

config.status:1006: creating config.h
config.status:1176: config.h is unchanged

## ---------------------- ##
## Running config.status. ##
## ---------------------- ##

This file was extended by LinuxCNC config.status hal-embedded, which was
generated by GNU Autoconf 2.69.  Invocation command line was

  CONFIG_FILES    = 
  CONFIG_HEADERS  = 
  CONFIG_LINKS    = 
  CONFIG_COMMANDS = 
  $ ./config.status -q --header=config.h

on debian10

config.status:1006: creating config.h
config.status:1176: config.h is unchanged

## ---------------------- ##
## Running config.status. ##
## ---------------------- ##

This file was extended by LinuxCNC config.status hal-embedded, which was
generated by GNU Autoconf 2.69.  Invocation command line was

  CONFIG_FILES    = 
  CONFIG_HEADERS  = 
  CONFIG_LINKS    = 
  CONFIG_COMMANDS = 
  $ ./config.status -q --header=config.h

on debian10

config.status:1006: creating config.h
config.status:1176: config.h is unchanged

## ---------------------- ##
## Running config.status. ##
## ---------------------- ##

This file was extended by LinuxCNC config.status hal-embedded, which was
generated by GNU Autoconf 2.69.  Invocation command line was

  CONFIG_FILES    = 
  CONFIG_HEADERS  = 
  CONFIG_LINKS    = 
  CONFIG_COMMANDS = 
  $ ./config.status -q --header=config.h

on debian10

config.status:1006: creating config.h
config.status:1176: config.h is unchanged

## ---------------------- ##
## Running config.status. ##
## ---------------------- ##

This file was extended by LinuxCNC config.status hal-embedded, which was
generated by GNU Autoconf 2.69.  Invocation command line was

  CONFIG_FILES    = 
  CONFIG_HEADERS  = 
  CONFIG_LINKS    = 
  CONFIG_COMMANDS = 
  $ ./config.status -q --header=config.h

on debian10

config.status:1006: creating config.h
config.status:1176: config.h is unchanged

## ---------------------- ##
## Running config.status. ##
## ---------------------- ##

This file was extended by LinuxCNC config.status hal-embedded, which was
generated by GNU Autoconf 2.69.  Invocation command line was

  CONFIG_FILES    = 
  CONFIG_HEADERS  = 
  CONFIG_LINKS    = 
  CONFIG_COMMANDS = 
  $ ./config.status -q --header=config.h

on debian10

config.status:1006: creating config.h
config.status:1176: config.h is unchanged

## ---------------------- ##
## Running config.status. ##
## ---------------------- ##

This file was extended by LinuxCNC config.status hal-embedded, which was
generated by GNU Autoconf 2.69.  Invocation command line was

  CONFIG_FILES    = 
  CONFIG_HEADERS  = 
  CONFIG_LINKS    = 
  CONFIG_COMMANDS = 
  $ ./config.status -q --header=config.h

on debian10

config.status:1006: creating config.h
config.status:1176: config.h is unchanged

## ---------------------- ##
## Running config.status. ##
## ---------------------- ##

This file was extended by LinuxCNC config.status hal-embedded, which was
generated by GNU Autoconf 2.69.  Invocation command line was

  CONFIG_FILES    = 
  CONFIG_HEADERS  = 
  CONFIG_LINKS    = 
  CONFIG_COMMANDS = 
  $ ./config.status -q --header=config.h

on debian10

config.status:1006: creating config.h
config.status:1176: config.h is unchanged

## ---------------------- ##
## Running config.status. ##
## ---------------------- ##

This file was extended by LinuxCNC config.status hal-embedded, which was
generated by GNU Autoconf 2.69.  Invocation command line was

  CONFIG_FILES    = 
  CONFIG_HEADERS  = 
  CONFIG_LINKS    = 
  CONFIG_COMMANDS = 
  $ ./config.status -q --header=config.h

on debian10

config.status:1006: creating config.h
config.status:1176: config.h is unchanged

## ---------------------- ##
## Running config.status. ##
## ---------------------- ##

This file was extended by LinuxCNC config.status hal-embedded, which was
generated by GNU Autoconf 2.69.  Invocation command line was

  CONFIG_FILES    = 
  CONFIG_HEADERS  = 
  CONFIG_LINKS    = 
  CONFIG_COMMANDS = 
  $ ./config.status -q --header=config.h

on debian10

config.status:1006: creating config.h
config.status:1176: config.h is unchanged

## ---------------------- ##
## Running config.status. ##
## ---------------------- ##

This file was extended by LinuxCNC config.status hal-embedded, which was
generated by GNU Autoconf 2.69.  Invocation command line was

  CONFIG_FILES    = 
  CONFIG_HEADERS  = 
  CONFIG_LINKS    = 
  CONFIG_COMMANDS = 
  $ ./config.status -q --header=config.h

on debian10

config.status:1006: creating config.h
config.status:1176: config.h is unchanged

## ---------------------- ##
## Running config.status. ##
## ---------------------- ##

This file was extended by LinuxCNC config.status hal-embedded, which was
generated by GNU Autoconf 2.69.  Invocation command line was

  CONFIG_FILES    = 
  CONFIG_HEADERS  = 
  CONFIG_LINKS    = 
  CONFIG_COMMANDS = 
  $ ./config.status -q --header=config.h

on debian10

config.status:1006: creating config.h
config.status:1176: config.h is unchanged

## ---------------------- ##
## Running config.status. ##
## ---------------------- ##

This file was extended by LinuxCNC config.status hal-embedded, which was
generated by GNU Autoconf 2.69.  Invocation command line was

  CONFIG_FILES    = 
  CONFIG_HEADERS  = 
  CONFIG_LINKS    = 
  CONFIG_COMMANDS = 
  $ ./config.status -q --header=config.h

on debian10

config.status:1006: creating config.h
config.status:1176: config.h is unchanged

## ---------------------- ##
## Running config.status. ##
## ---------------------- ##

This file was extended by LinuxCNC config.status hal-embedded, which was
generated by GNU Autoconf 2.69.  Invocation command line was

  CONFIG_FILES    = 
  CONFIG_HEADERS  = 
  CONFIG_LINKS    = 
  CONFIG_COMMANDS = 
  $ ./config.status -q --header=config.h

on debian10

config.status:1006: creating config.h
config.status:1176: config.h is unchanged

## ---------------------- ##
## Running config.status. ##
## ---------------------- ##

This file was extended by LinuxCNC config.status hal-embedded, which was
generated by GNU Autoconf 2.69.  Invocation command line was

  CONFIG_FILES    = 
  CONFIG_HEADERS  = 
  CONFIG_LINKS    = 
  CONFIG_COMMANDS = 
  $ ./config.status -q --header=config.h

on debian10

config.status:1006: creating config.h
config.status:1176: config.h is unchanged

## ---------------------- ##
## Running config.status. ##
## ---------------------- ##

This file was extended by LinuxCNC config.status hal-embedded, which was
generated by GNU Autoconf 2.69.  Invocation command line was

  CONFIG_FILES    = 
  CONFIG_HEADERS  = 
  CONFIG_LINKS    = 
  CONFIG_COMMANDS = 
  $ ./config.status -q --header=config.h

on debian10

config.status:1006: creating config.h
config.status:1176: config.h is unchanged

## ---------------------- ##
## Running config.status. ##
## ---------------------- ##

This file was extended by LinuxCNC config.status hal-embedded, which was
generated by GNU Autoconf 2.69.  Invocation command line was

  CONFIG_FILES    = 
  CONFIG_HEADERS  = 
  CONFIG_LINKS    = 
  CONFIG_COMMANDS = 
  $ ./config.status -q --header=config.h

on debian10

config.status:1006: creating config.h
config.status:1176: config.h is unchanged

## ---------------------- ##
## Running config.status. ##
## ---------------------- ##

This file was extended by LinuxCNC config.status hal-embedded, which was
generated by GNU Autoconf 2.69.  Invocation command line was

  CONFIG_FILES    = 
  CONFIG_HEADERS  = 
  CONFIG_LINKS    = 
  CONFIG_COMMANDS = 
  $ ./config.status -q --header=config.h

on debian10

config.status:1006: creating config.h
config.status:1176: config.h is unchanged

## ---------------------- ##
## Running config.status. ##
## ---------------------- ##

This file was extended by LinuxCNC config.status hal-embedded, which was
generated by GNU Autoconf 2.69.  Invocation command line was

  CONFIG_FILES    = 
  CONFIG_HEADERS  = 
  CONFIG_LINKS    = 
  CONFIG_COMMANDS = 
  $ ./config.status -q --header=config.h

on debian10

config.status:1006: creating config.h
config.status:1176: config.h is unchanged

## ---------------------- ##
## Running config.status. ##
## ---------------------- ##

This file was extended by LinuxCNC config.status hal-embedded, which was
generated by GNU Autoconf 2.69.  Invocation command line was

  CONFIG_FILES    = 
  CONFIG_HEADERS  = 
  CONFIG_LINKS    = 
  CONFIG_COMMANDS = 
  $ ./config.status -q --header=config.h

on debian10

config.status:1006: creating config.h
config.status:1176: config.h is unchanged

## ---------------------- ##
## Running config.status. ##
## ---------------------- ##

This file was extended by LinuxCNC config.status hal-embedded, which was
generated by GNU Autoconf 2.69.  Invocation command line was

  CONFIG_FILES    = 
  CONFIG_HEADERS  = 
  CONFIG_LINKS    = 
  CONFIG_COMMANDS = 
  $ ./config.status -q --header=config.h

on debian10

config.status:1006: creating config.h
config.status:1176: config.h is unchanged

## ---------------------- ##
## Running config.status. ##
## ---------------------- ##

This file was extended by LinuxCNC config.status hal-embedded, which was
generated by GNU Autoconf 2.69.  Invocation command line was

  CONFIG_FILES    = 
  CONFIG_HEADERS  = 
  CONFIG_LINKS    = 
  CONFIG_COMMANDS = 
  $ ./config.status -q --header=config.h

on debian10

config.status:1006: creating config.h
config.status:1176: config.h is unchanged

## ---------------------- ##
## Running config.status. ##
## ---------------------- ##

This file was extended by LinuxCNC config.status hal-embedded, which was
generated by GNU Autoconf 2.69.  Invocation command line was

  CONFIG_FILES    = 
  CONFIG_HEADERS  = 
  CONFIG_LINKS    = 
  CONFIG_COMMANDS = 
  $ ./config.status -q --header=config.h

on debian10

config.status:1006: creating config.h
config.status:1176: config.h is unchanged

## ---------------------- ##
## Running config.status. ##
## ---------------------- ##

This file was extended by LinuxCNC config.status hal-embedded, which was
generated by GNU Autoconf 2.69.  Invocation command line was

  CONFIG_FILES    = 
  CONFIG_HEADERS  = 
  CONFIG_LINKS    = 
  CONFIG_COMMANDS = 
  $ ./config.status -q --header=config.h

on debian10

config.status:1006: creating config.h
config.status:1176: config.h is unchanged

## ---------------------- ##
## Running config.status. ##
## ---------------------- ##

This file was extended by LinuxCNC config.status hal-embedded, which was
generated by GNU Autoconf 2.69.  Invocation command line was

  CONFIG_FILES    = 
  CONFIG_HEADERS  = 
  CONFIG_LINKS    = 
  CONFIG_COMMANDS = 
  $ ./config.status -q --header=config.h

on debian10

config.status:1006: creating config.h
config.status:1176: config.h is unchanged

## ---------------------- ##
## Running config.status. ##
## ---------------------- ##

This file was extended by LinuxCNC config.status hal-embedded, which was
generated by GNU Autoconf 2.69.  Invocation command line was

  CONFIG_FILES    = 
  CONFIG_HEADERS  = 
  CONFIG_LINKS    = 
  CONFIG_COMMANDS = 
  $ ./config.status -q --header=config.h

on debian10

config.status:1006: creating config.h
config.status:1176: config.h is unchanged

## ---------------------- ##
## Running config.status. ##
## ---------------------- ##

This file was extended by LinuxCNC config.status hal-embedded, which was
generated by GNU Autoconf 2.69.  Invocation command line was

  CONFIG_FILES    = 
  CONFIG_HEADERS  = 
  CONFIG_LINKS    = 
  CONFIG_COMMANDS = 
  $ ./config.status -q --header=config.h

on debian10

config.status:1006: creating config.h
config.status:1176: config.h is unchanged

## ---------------------- ##
## Running config.status. ##
## ---------------------- ##

This file was extended by LinuxCNC config.status hal-embedded, which was
generated by GNU Autoconf 2.69.  Invocation command line was

  CONFIG_FILES    = 
  CONFIG_HEADERS  = 
  CONFIG_LINKS    = 
  CONFIG_COMMANDS = 
  $ ./config.status -q --header=config.h

on debian10

config.status:1006: creating config.h
config.status:1176: config.h is unchanged

## ---------------------- ##
## Running config.status. ##
## ---------------------- ##

This file was extended by LinuxCNC config.status hal-embedded, which was
generated by GNU Autoconf 2.69.  Invocation command line was

  CONFIG_FILES    = 
  CONFIG_HEADERS  = 
  CONFIG_LINKS    = 
  CONFIG_COMMANDS = 
  $ ./config.status -q --header=config.h

on debian10

config.status:1006: creating config.h
config.status:1176: config.h is unchanged

## ---------------------- ##
## Running config.status. ##
## ---------------------- ##

This file was extended by LinuxCNC config.status hal-embedded, which was
generated by GNU Autoconf 2.69.  Invocation command line was

  CONFIG_FILES    = 
  CONFIG_HEADERS  = 
  CONFIG_LINKS    = 
  CONFIG_COMMANDS = 
  $ ./config.status -q --header=config.h

on debian10

config.status:1006: creating config.h
config.status:1176: config.h is unchanged

## ---------------------- ##
## Running config.status. ##
## ---------------------- ##

This file was extended by LinuxCNC config.status hal-embedded, which was
generated by GNU Autoconf 2.69.  Invocation command line was

  CONFIG_FILES    = 
  CONFIG_HEADERS  = 
  CONFIG_LINKS    = 
  CONFIG_COMMANDS = 
  $ ./config.status -q --header=config.h

on debian10

config.status:1006: creating config.h
config.status:1176: config.h is unchanged

## ---------------------- ##
## Running config.status. ##
## ---------------------- ##

This file was extended by LinuxCNC config.status hal-embedded, which was
generated by GNU Autoconf 2.69.  Invocation command line was

  CONFIG_FILES    = 
  CONFIG_HEADERS  = 
  CONFIG_LINKS    = 
  CONFIG_COMMANDS = 
  $ ./config.status -q --header=config.h

on debian10

config.status:1006: creating config.h
config.status:1176: config.h is unchanged

## ---------------------- ##
## Running config.status. ##
## ---------------------- ##

This file was extended by LinuxCNC config.status hal-embedded, which was
generated by GNU Autoconf 2.69.  Invocation command line was

  CONFIG_FILES    = 
  CONFIG_HEADERS  = 
  CONFIG_LINKS    = 
  CONFIG_COMMANDS = 
  $ ./config.status -q --header=config.h

on debian10

config.status:1006: creating config.h
config.status:1176: config.h is unchanged

## ---------------------- ##
## Running config.status. ##
## ---------------------- ##

This file was extended by LinuxCNC config.status hal-embedded, which was
generated by GNU Autoconf 2.69.  Invocation command line was

  CONFIG_FILES    = 
  CONFIG_HEADERS  = 
  CONFIG_LINKS    = 
  CONFIG_COMMANDS = 
  $ ./config.status -q --header=config.h

on debian10

config.status:1006: creating config.h
config.status:1176: config.h is unchanged

## ---------------------- ##
## Running config.status. ##
## ---------------------- ##

This file was extended by LinuxCNC config.status hal-embedded, which was
generated by GNU Autoconf 2.69.  Invocation command line was

  CONFIG_FILES    = 
  CONFIG_HEADERS  = 
  CONFIG_LINKS    = 
  CONFIG_COMMANDS = 
  $ ./config.status -q --header=config.h

on debian10

config.status:1006: creating config.h
config.status:1176: config.h is unchanged

## ---------------------- ##
## Running config.status. ##
## ---------------------- ##

This file was extended by LinuxCNC config.status hal-embedded, which was
generated by GNU Autoconf 2.69.  Invocation command line was

  CONFIG_FILES    = 
  CONFIG_HEADERS  = 
  CONFIG_LINKS    = 
  CONFIG_COMMANDS = 
  $ ./config.status -q --header=config.h

on debian10

config.status:1006: creating config.h
config.status:1176: config.h is unchanged

## ---------------------- ##
## Running config.status. ##
## ---------------------- ##

This file was extended by LinuxCNC config.status hal-embedded, which was
generated by GNU Autoconf 2.69.  Invocation command line was

  CONFIG_FILES    = 
  CONFIG_HEADERS  = 
  CONFIG_LINKS    = 
  CONFIG_COMMANDS = 
  $ ./config.status -q --header=config.h

on debian10

config.status:1006: creating config.h
config.status:1176: config.h is unchanged

## ---------------------- ##
## Running config.status. ##
## ---------------------- ##

This file was extended by LinuxCNC config.status hal-embedded, which was
generated by GNU Autoconf 2.69.  Invocation command line was

  CONFIG_FILES    = 
  CONFIG_HEADERS  = 
  CONFIG_LINKS    = 
  CONFIG_COMMANDS = 
  $ ./config.status -q --header=config.h

on debian10

config.status:1006: creating config.h
config.status:1176: config.h is unchanged

## ---------------------- ##
## Running config.status. ##
## ---------------------- ##

This file was extended by LinuxCNC config.status hal-embedded, which was
generated by GNU Autoconf 2.69.  Invocation command line was

  CONFIG_FILES    = 
  CONFIG_HEADERS  = 
  CONFIG_LINKS    = 
  CONFIG_COMMANDS = 
  $ ./config.status -q --header=config.h

on debian10

config.status:1006: creating config.h
config.status:1176: config.h is unchanged

## ---------------------- ##
## Running config.status. ##
## ---------------------- ##

This file was extended by LinuxCNC config.status hal-embedded, which was
generated by GNU Autoconf 2.69.  Invocation command line was

  CONFIG_FILES    = 
  CONFIG_HEADERS  = 
  CONFIG_LINKS    = 
  CONFIG_COMMANDS = 
  $ ./config.status -q --header=config.h

on debian10

config.status:1006: creating config.h
config.status:1176: config.h is unchanged

## ---------------------- ##
## Running config.status. ##
## ---------------------- ##

This file was extended by LinuxCNC config.status hal-embedded, which was
generated by GNU Autoconf 2.69.  Invocation command line was

  CONFIG_FILES    = 
  CONFIG_HEADERS  = 
  CONFIG_LINKS    = 
  CONFIG_COMMANDS = 
  $ ./config.status -q --header=config.h

on debian10

config.status:1006: creating config.h
config.status:1176: config.h is unchanged

## ---------------------- ##
## Running config.status. ##
## ---------------------- ##

This file was extended by LinuxCNC config.status hal-embedded, which was
generated by GNU Autoconf 2.69.  Invocation command line was

  CONFIG_FILES    = 
  CONFIG_HEADERS  = 
  CONFIG_LINKS    = 
  CONFIG_COMMANDS = 
  $ ./config.status -q --header=config.h

on debian10

config.status:1006: creating config.h
config.status:1176: config.h is unchanged

## ---------------------- ##
## Running config.status. ##
## ---------------------- ##

This file was extended by LinuxCNC config.status hal-embedded, which was
generated by GNU Autoconf 2.69.  Invocation command line was

  CONFIG_FILES    = 
  CONFIG_HEADERS  = 
  CONFIG_LINKS    = 
  CONFIG_COMMANDS = 
  $ ./config.status -q --header=config.h

on debian10

config.status:1006: creating config.h
config.status:1176: config.h is unchanged

## ---------------------- ##
## Running config.status. ##
## ---------------------- ##

This file was extended by LinuxCNC config.status hal-embedded, which was
generated by GNU Autoconf 2.69.  Invocation command line was

  CONFIG_FILES    = 
  CONFIG_HEADERS  = 
  CONFIG_LINKS    = 
  CONFIG_COMMANDS = 
  $ ./config.status -q --header=config.h

on debian10

config.status:1006: creating config.h
config.status:1176: config.h is unchanged

## ---------------------- ##
## Running config.status. ##
## ---------------------- ##

This file was extended by LinuxCNC config.status hal-embedded, which was
generated by GNU Autoconf 2.69.  Invocation command line was

  CONFIG_FILES    = 
  CONFIG_HEADERS  = 
  CONFIG_LINKS    = 
  CONFIG_COMMANDS = 
  $ ./config.status -q --header=config.h

on debian10

config.status:1006: creating config.h
config.status:1176: config.h is unchanged

## ---------------------- ##
## Running config.status. ##
## ---------------------- ##

This file was extended by LinuxCNC config.status hal-embedded, which was
generated by GNU Autoconf 2.69.  Invocation command line was

  CONFIG_FILES    = 
  CONFIG_HEADERS  = 
  CONFIG_LINKS    = 
  CONFIG_COMMANDS = 
  $ ./config.status -q --header=config.h

on debian10

config.status:1006: creating config.h
config.status:1176: config.h is unchanged

## ---------------------- ##
## Running config.status. ##
## ---------------------- ##

This file was extended by LinuxCNC config.status hal-embedded, which was
generated by GNU Autoconf 2.69.  Invocation command line was

  CONFIG_FILES    = 
  CONFIG_HEADERS  = 
  CONFIG_LINKS    = 
  CONFIG_COMMANDS = 
  $ ./config.status -q --header=config.h

on debian10

config.status:1006: creating config.h
config.status:1176: config.h is unchanged

## ---------------------- ##
## Running config.status. ##
## ---------------------- ##

This file was extended by LinuxCNC config.status hal-embedded, which was
generated by GNU Autoconf 2.69.  Invocation command line was

  CONFIG_FILES    = 
  CONFIG_HEADERS  = 
  CONFIG_LINKS    = 
  CONFIG_COMMANDS = 
  $ ./config.status -q --header=config.h

on debian10

config.status:1006: creating config.h
config.status:1176: config.h is unchanged

## ---------------------- ##
## Running config.status. ##
## ---------------------- ##

This file was extended by LinuxCNC config.status hal-embedded, which was
generated by GNU Autoconf 2.69.  Invocation command line was

  CONFIG_FILES    = 
  CONFIG_HEADERS  = 
  CONFIG_LINKS    = 
  CONFIG_COMMANDS = 
  $ ./config.status -q --header=config.h

on debian10

config.status:1006: creating config.h
config.status:1176: config.h is unchanged

## ---------------------- ##
## Running config.status. ##
## ---------------------- ##

This file was extended by LinuxCNC config.status hal-embedded, which was
generated by GNU Autoconf 2.69.  Invocation command line was

  CONFIG_FILES    = 
  CONFIG_HEADERS  = 
  CONFIG_LINKS    = 
  CONFIG_COMMANDS = 
  $ ./config.status -q --header=config.h

on debian10

config.status:1006: creating config.h
config.status:1176: config.h is unchanged

## ---------------------- ##
## Running config.status. ##
## ---------------------- ##

This file was extended by LinuxCNC config.status hal-embedded, which was
generated by GNU Autoconf 2.69.  Invocation command line was

  CONFIG_FILES    = 
  CONFIG_HEADERS  = 
  CONFIG_LINKS    = 
  CONFIG_COMMANDS = 
  $ ./config.status -q --header=config.h

on debian10

config.status:1006: creating config.h
config.status:1176: config.h is unchanged

## ---------------------- ##
## Running config.status. ##
## ---------------------- ##

This file was extended by LinuxCNC config.status hal-embedded, which was
generated by GNU Autoconf 2.69.  Invocation command line was

  CONFIG_FILES    = 
  CONFIG_HEADERS  = 
  CONFIG_LINKS    = 
  CONFIG_COMMANDS = 
  $ ./config.status -q --header=config.h

on debian10

config.status:1006: creating config.h
config.status:1176: config.h is unchanged

## ---------------------- ##
## Running config.status. ##
## ---------------------- ##

This file was extended by LinuxCNC config.status hal-embedded, which was
generated by GNU Autoconf 2.69.  Invocation command line was

  CONFIG_FILES    = 
  CONFIG_HEADERS  = 
  CONFIG_LINKS    = 
  CONFIG_COMMANDS = 
  $ ./config.status -q --header=config.h

on debian10

config.status:1006: creating config.h
config.status:1176: config.h is unchanged

## ---------------------- ##
## Running config.status. ##
## ---------------------- ##

This file was extended by LinuxCNC config.status hal-embedded, which was
generated by GNU Autoconf 2.69.  Invocation command line was

  CONFIG_FILES    = 
  CONFIG_HEADERS  = 
  CONFIG_LINKS    = 
  CONFIG_COMMANDS = 
  $ ./config.status -q --header=config.h

on debian10

config.status:1006: creating config.h
config.status:1176: config.h is unchanged
